1564608780.233040 client started (12911): version 3.0-rc4, socket /tmp/tmux-0/default, protocol 8
1564608780.233075 on Linux 3.10.0-862.el7.x86_64 #1 SMP Wed Mar 21 18:14:51 EDT 2018; libevent 2.1.10-stable (poll)
1564608780.233099 socket is /tmp/tmux-0/default
1564608780.233111 trying connect
1564608780.233130 connect failed: Connection refused
1564608780.233140 lock file is /tmp/tmux-0/default.lock
1564608780.233183 flock succeeded
1564608780.233187 got lock (6)
1564608780.233193 trying connect
1564608780.233200 connect failed: Connection refused
1564608780.233455 add peer 0x139cb40: 7 ((nil))
1564608780.233593 sending message 100 to peer 0x139cb40 (4 bytes)
1564608780.233606 sending message 101 to peer 0x139cb40 (16 bytes)
1564608780.233610 sending message 102 to peer 0x139cb40 (11 bytes)
1564608780.233614 sending message 108 to peer 0x139cb40 (6 bytes)
1564608780.233619 sending message 104 to peer 0x139cb40 (0 bytes)
1564608780.233623 sending message 107 to peer 0x139cb40 (4 bytes)
1564608780.233627 sending message 105 to peer 0x139cb40 (18 bytes)
1564608780.233631 sending message 105 to peer 0x139cb40 (21 bytes)
1564608780.233636 sending message 105 to peer 0x139cb40 (16 bytes)
1564608780.233641 sending message 105 to peer 0x139cb40 (14 bytes)
1564608780.233647 sending message 105 to peer 0x139cb40 (35 bytes)
1564608780.233652 sending message 105 to peer 0x139cb40 (24 bytes)
1564608780.233657 sending message 105 to peer 0x139cb40 (19 bytes)
1564608780.233663 sending message 105 to peer 0x139cb40 (10 bytes)
1564608780.233668 sending message 105 to peer 0x139cb40 (54 bytes)
1564608780.233674 sending message 105 to peer 0x139cb40 (1436 bytes)
1564608780.233688 sending message 105 to peer 0x139cb40 (20 bytes)
1564608780.233694 sending message 105 to peer 0x139cb40 (25 bytes)
1564608780.233699 sending message 105 to peer 0x139cb40 (26 bytes)
1564608780.233704 sending message 105 to peer 0x139cb40 (118 bytes)
1564608780.233709 sending message 105 to peer 0x139cb40 (22 bytes)
1564608780.233714 sending message 105 to peer 0x139cb40 (10 bytes)
1564608780.233720 sending message 105 to peer 0x139cb40 (17 bytes)
1564608780.233725 sending message 105 to peer 0x139cb40 (23 bytes)
1564608780.233730 sending message 105 to peer 0x139cb40 (23 bytes)
1564608780.233736 sending message 105 to peer 0x139cb40 (8 bytes)
1564608780.233742 sending message 105 to peer 0x139cb40 (11 bytes)
1564608780.233746 sending message 105 to peer 0x139cb40 (13 bytes)
1564608780.233749 sending message 105 to peer 0x139cb40 (54 bytes)
1564608780.233798 sending message 105 to peer 0x139cb40 (35 bytes)
1564608780.233805 sending message 105 to peer 0x139cb40 (22 bytes)
1564608780.233808 sending message 106 to peer 0x139cb40 (0 bytes)
1564608780.233813 cmd_pack_argv: argv[0]=new
1564608780.233817 sending message 200 to peer 0x139cb40 (8 bytes)
1564608780.233820 client loop enter
1564608780.289557 peer 0x139cb40 message 207
1564608780.289584 sending message 208 to peer 0x139cb40 (0 bytes)
1564608795.656870 peer 0x139cb40 message 201
1564608795.656902 sending message 205 to peer 0x139cb40 (0 bytes)
1564608795.657282 peer 0x139cb40 message 204
1564608795.657293 client loop exit
